[handleMsg]:  Message {
  _data: {
    id: {
      fromMe: false,
      remote: '573144532868@c.us',
      id: '3EB0B740764E8875FC4B',
      _serialized: 'false_573144532868@c.us_3EB0B740764E8875FC4B'
    },
    body: 'Hola',
    type: 'chat',
    t: 1672695359,
    notifyName: 'Ṣaris',
    from: '573144532868@c.us',
    to: '573042944614@c.us',
    self: 'in',
    ack: 1,
    isNewMsg: true,
    star: false,
    kicNotified: false,
    recvFresh: true,
    isFromTemplate: false,
    pollInvalidated: false,
    isSentCagPollCreation: false,
    latestEditMsgKey: null,
    latestEditSenderTimestampMs: null,
    broadcast: false,
    mentionedJidList: [],
    isVcardOverMmsDocument: false,
    isForwarded: false,
    hasReaction: false,
    ephemeralOutOfSync: false,
    productHeaderImageRejected: false,
    lastPlaybackProgress: 0,
    isDynamicReplyButtonsMsg: false,
    isMdHistoryMsg: false,
    stickerSentTs: 0,
    isAvatar: false,
    requiresDirectConnection: false,
    pttForwardedFeaturesEnabled: true,
    isEphemeral: false,
    isStatusV3: false,
    links: []
  },
  mediaKey: undefined,
  id: {
    fromMe: false,
    remote: '573144532868@c.us',
    id: '3EB0B740764E8875FC4B',
    _serialized: 'false_573144532868@c.us_3EB0B740764E8875FC4B'
  },
  ack: 1,
  hasMedia: false,
  body: 'Hola',
  type: 'chat',
  timestamp: 1672695359,
  from: '573144532868',
  to: '573042944614@c.us',
  author: undefined,
  deviceType: 'web',
  isForwarded: false,
  forwardingScore: 0,
  isStatus: false,
  isStarred: false,
  broadcast: false,
  fromMe: false,
  hasQuotedMsg: false,
  duration: undefined,
  location: undefined,
  vCards: [],
  inviteV4: undefined,
  mentionedIds: [],
  orderId: undefined,
  token: undefined,
  isGif: false,
  isEphemeral: false,
  links: []
}
[handleMsg]:  Message {
  _data: {
    id: {
      fromMe: false,
      remote: '573144532868@c.us',
      id: '3EB0828A5CE4AB5D23BE',
      _serialized: 'false_573144532868@c.us_3EB0828A5CE4AB5D23BE'
    },
    body: 'zapatos',
    type: 'chat',
    t: 1672695402,
    notifyName: 'Ṣaris',
    from: '573144532868@c.us',
    to: '573042944614@c.us',
    self: 'in',
    ack: 1,
    isNewMsg: true,
    star: false,
    kicNotified: false,
    recvFresh: true,
    isFromTemplate: false,
    pollInvalidated: false,
    isSentCagPollCreation: false,
    latestEditMsgKey: null,
    latestEditSenderTimestampMs: null,
    broadcast: false,
    mentionedJidList: [],
    isVcardOverMmsDocument: false,
    isForwarded: false,
    hasReaction: false,
    ephemeralOutOfSync: false,
    productHeaderImageRejected: false,
    lastPlaybackProgress: 0,
    isDynamicReplyButtonsMsg: false,
    isMdHistoryMsg: false,
    stickerSentTs: 0,
    isAvatar: false,
    requiresDirectConnection: false,
    pttForwardedFeaturesEnabled: true,
    isEphemeral: false,
    isStatusV3: false,
    links: []
  },
  mediaKey: undefined,
  id: {
    fromMe: false,
    remote: '573144532868@c.us',
    id: '3EB0828A5CE4AB5D23BE',
    _serialized: 'false_573144532868@c.us_3EB0828A5CE4AB5D23BE'
  },
  ack: 1,
  hasMedia: false,
  body: 'zapatos',
  type: 'chat',
  timestamp: 1672695402,
  from: '573144532868',
  to: '573042944614@c.us',
  author: undefined,
  deviceType: 'web',
  isForwarded: false,
  forwardingScore: 0,
  isStatus: false,
  isStarred: false,
  broadcast: false,
  fromMe: false,
  hasQuotedMsg: false,
  duration: undefined,
  location: undefined,
  vCards: [],
  inviteV4: undefined,
  mentionedIds: [],
  orderId: undefined,
  token: undefined,
  isGif: false,
  isEphemeral: false,
  links: []
}
[handleMsg]:  Message {
  _data: {
    id: {
      fromMe: false,
      remote: '573144532868@c.us',
      id: '3EB0D62E6EEA71DBCC92',
      _serialized: 'false_573144532868@c.us_3EB0D62E6EEA71DBCC92'
    },
    body: 'bolsos',
    type: 'chat',
    t: 1672695410,
    notifyName: 'Ṣaris',
    from: '573144532868@c.us',
    to: '573042944614@c.us',
    self: 'in',
    ack: 1,
    isNewMsg: true,
    star: false,
    kicNotified: false,
    recvFresh: true,
    isFromTemplate: false,
    pollInvalidated: false,
    isSentCagPollCreation: false,
    latestEditMsgKey: null,
    latestEditSenderTimestampMs: null,
    broadcast: false,
    mentionedJidList: [],
    isVcardOverMmsDocument: false,
    isForwarded: false,
    hasReaction: false,
    ephemeralOutOfSync: false,
    productHeaderImageRejected: false,
    lastPlaybackProgress: 0,
    isDynamicReplyButtonsMsg: false,
    isMdHistoryMsg: false,
    stickerSentTs: 0,
    isAvatar: false,
    requiresDirectConnection: false,
    pttForwardedFeaturesEnabled: true,
    isEphemeral: false,
    isStatusV3: false,
    links: []
  },
  mediaKey: undefined,
  id: {
    fromMe: false,
    remote: '573144532868@c.us',
    id: '3EB0D62E6EEA71DBCC92',
    _serialized: 'false_573144532868@c.us_3EB0D62E6EEA71DBCC92'
  },
  ack: 1,
  hasMedia: false,
  body: 'bolsos',
  type: 'chat',
  timestamp: 1672695410,
  from: '573144532868',
  to: '573042944614@c.us',
  author: undefined,
  deviceType: 'web',
  isForwarded: false,
  forwardingScore: 0,
  isStatus: false,
  isStarred: false,
  broadcast: false,
  fromMe: false,
  hasQuotedMsg: false,
  duration: undefined,
  location: undefined,
  vCards: [],
  inviteV4: undefined,
  mentionedIds: [],
  orderId: undefined,
  token: undefined,
  isGif: false,
  isEphemeral: false,
  links: []
}
[handleMsg]:  Message {
  _data: {
    id: {
      fromMe: false,
      remote: '573144532868@c.us',
      id: '3EB03AD5BCCD50419532',
      _serialized: 'false_573144532868@c.us_3EB03AD5BCCD50419532'
    },
    body: '😎 Cursos',
    type: 'buttons_response',
    t: 1672695416,
    notifyName: 'Ṣaris',
    from: '573144532868@c.us',
    to: '573042944614@c.us',
    self: 'in',
    ack: 1,
    isNewMsg: true,
    star: false,
    kicNotified: false,
    recvFresh: true,
    isFromTemplate: false,
    pollInvalidated: false,
    isSentCagPollCreation: false,
    latestEditMsgKey: null,
    latestEditSenderTimestampMs: null,
    broadcast: false,
    quotedMsg: {
      type: 'chat',
      headerType: 1,
      body: 'Como puedo ayudarte?',
      isDynamicReplyButtonsMsg: true,
      dynamicReplyButtons: [Array],
      caption: 'Como puedo ayudarte?'
    },
    quotedStanzaID: '3EB0E17C9BE485505358',
    quotedParticipant: '573042944614@c.us',
    mentionedJidList: [],
    isVcardOverMmsDocument: false,
    hasReaction: false,
    ephemeralOutOfSync: false,
    productHeaderImageRejected: false,
    lastPlaybackProgress: 0,
    isDynamicReplyButtonsMsg: false,
    selectedButtonId: '0',
    isMdHistoryMsg: false,
    stickerSentTs: 0,
    isAvatar: false,
    requiresDirectConnection: false,
    pttForwardedFeaturesEnabled: true,
    isEphemeral: false,
    isStatusV3: false,
    links: []
  },
  mediaKey: undefined,
  id: {
    fromMe: false,
    remote: '573144532868@c.us',
    id: '3EB03AD5BCCD50419532',
    _serialized: 'false_573144532868@c.us_3EB03AD5BCCD50419532'
  },
  ack: 1,
  hasMedia: false,
  body: '😎 Cursos',
  type: 'buttons_response',
  timestamp: 1672695416,
  from: '573144532868',
  to: '573042944614@c.us',
  author: undefined,
  deviceType: 'web',
  isForwarded: undefined,
  forwardingScore: 0,
  isStatus: false,
  isStarred: false,
  broadcast: false,
  fromMe: false,
  hasQuotedMsg: true,
  duration: undefined,
  location: undefined,
  vCards: [],
  inviteV4: undefined,
  mentionedIds: [],
  orderId: undefined,
  token: undefined,
  isGif: false,
  isEphemeral: false,
  links: [],
  selectedButtonId: '0'
}
[handleMsg]:  Message {
  _data: {
    id: {
      fromMe: false,
      remote: '573144532868@c.us',
      id: '3EB0471535CF8E76F473',
      _serialized: 'false_573144532868@c.us_3EB0471535CF8E76F473'
    },
    body: '😁 Telegram',
    type: 'buttons_response',
    t: 1672695420,
    notifyName: 'Ṣaris',
    from: '573144532868@c.us',
    to: '573042944614@c.us',
    self: 'in',
    ack: 1,
    isNewMsg: true,
    star: false,
    kicNotified: false,
    recvFresh: true,
    isFromTemplate: false,
    pollInvalidated: false,
    isSentCagPollCreation: false,
    latestEditMsgKey: null,
    latestEditSenderTimestampMs: null,
    broadcast: false,
    quotedMsg: {
      type: 'chat',
      headerType: 1,
      body: 'Como puedo ayudarte?',
      isDynamicReplyButtonsMsg: true,
      dynamicReplyButtons: [Array],
      caption: 'Como puedo ayudarte?'
    },
    quotedStanzaID: '3EB0E17C9BE485505358',
    quotedParticipant: '573042944614@c.us',
    mentionedJidList: [],
    isVcardOverMmsDocument: false,
    hasReaction: false,
    ephemeralOutOfSync: false,
    productHeaderImageRejected: false,
    lastPlaybackProgress: 0,
    isDynamicReplyButtonsMsg: false,
    selectedButtonId: '2',
    isMdHistoryMsg: false,
    stickerSentTs: 0,
    isAvatar: false,
    requiresDirectConnection: false,
    pttForwardedFeaturesEnabled: true,
    isEphemeral: false,
    isStatusV3: false,
    links: []
  },
  mediaKey: undefined,
  id: {
    fromMe: false,
    remote: '573144532868@c.us',
    id: '3EB0471535CF8E76F473',
    _serialized: 'false_573144532868@c.us_3EB0471535CF8E76F473'
  },
  ack: 1,
  hasMedia: false,
  body: '😁 Telegram',
  type: 'buttons_response',
  timestamp: 1672695420,
  from: '573144532868',
  to: '573042944614@c.us',
  author: undefined,
  deviceType: 'web',
  isForwarded: undefined,
  forwardingScore: 0,
  isStatus: false,
  isStarred: false,
  broadcast: false,
  fromMe: false,
  hasQuotedMsg: true,
  duration: undefined,
  location: undefined,
  vCards: [],
  inviteV4: undefined,
  mentionedIds: [],
  orderId: undefined,
  token: undefined,
  isGif: false,
  isEphemeral: false,
  links: [],
  selectedButtonId: '2'
}
[handleMsg]:  Message {
  _data: {
    id: {
      fromMe: false,
      remote: '573144532868@c.us',
      id: '3EB0734F0AC6C4859A54',
      _serialized: 'false_573144532868@c.us_3EB0734F0AC6C4859A54'
    },
    body: '👉 Youtube',
    type: 'buttons_response',
    t: 1672695422,
    notifyName: 'Ṣaris',
    from: '573144532868@c.us',
    to: '573042944614@c.us',
    self: 'in',
    ack: 1,
    isNewMsg: true,
    star: false,
    kicNotified: false,
    recvFresh: true,
    isFromTemplate: false,
    pollInvalidated: false,
    isSentCagPollCreation: false,
    latestEditMsgKey: null,
    latestEditSenderTimestampMs: null,
    broadcast: false,
    quotedMsg: {
      type: 'chat',
      headerType: 1,
      body: 'Como puedo ayudarte?',
      isDynamicReplyButtonsMsg: true,
      dynamicReplyButtons: [Array],
      caption: 'Como puedo ayudarte?'
    },
    quotedStanzaID: '3EB0E17C9BE485505358',
    quotedParticipant: '573042944614@c.us',
    mentionedJidList: [],
    isVcardOverMmsDocument: false,
    hasReaction: false,
    ephemeralOutOfSync: false,
    productHeaderImageRejected: false,
    lastPlaybackProgress: 0,
    isDynamicReplyButtonsMsg: false,
    selectedButtonId: '1',
    isMdHistoryMsg: false,
    stickerSentTs: 0,
    isAvatar: false,
    requiresDirectConnection: false,
    pttForwardedFeaturesEnabled: true,
    isEphemeral: false,
    isStatusV3: false,
    links: []
  },
  mediaKey: undefined,
  id: {
    fromMe: false,
    remote: '573144532868@c.us',
    id: '3EB0734F0AC6C4859A54',
    _serialized: 'false_573144532868@c.us_3EB0734F0AC6C4859A54'
  },
  ack: 1,
  hasMedia: false,
  body: '👉 Youtube',
  type: 'buttons_response',
  timestamp: 1672695422,
  from: '573144532868',
  to: '573042944614@c.us',
  author: undefined,
  deviceType: 'web',
  isForwarded: undefined,
  forwardingScore: 0,
  isStatus: false,
  isStarred: false,
  broadcast: false,
  fromMe: false,
  hasQuotedMsg: true,
  duration: undefined,
  location: undefined,
  vCards: [],
  inviteV4: undefined,
  mentionedIds: [],
  orderId: undefined,
  token: undefined,
  isGif: false,
  isEphemeral: false,
  links: [],
  selectedButtonId: '1'
}
